<?xml version="1.0" encoding="UTF-8"?>
<!-- Generated by org.testng.reporters.JUnitXMLReporter -->
<testsuite ignored="0" hostname="DESKTOP-DHLLMMD" failures="0" tests="10" name="Default test" time="0.141" errors="0" timestamp="07 Dec 2019 03:07:44 GMT">
  <testcase classname="selenium.Skip" name="testCaseEnabling" time="0.022"/>
  <testcase classname="selenium.Skip" name="testCaseEnabling" time="0.022"/>
  <testcase classname="selenium.Skip" name="testCaseEnabling" time="0.006"/>
  <testcase classname="selenium.Skip" name="testCaseEnabling" time="0.022"/>
  <testcase classname="selenium.Skip" name="testCaseEnabling" time="0.006"/>
  <testcase classname="selenium.Skip" name="testCaseEnabling" time="0.005"/>
  <testcase classname="selenium.Skip" name="testCaseEnabling" time="0.003"/>
  <testcase classname="selenium.Skip" name="testCaseEnabling" time="0.046"/>
  <testcase classname="selenium.Skip" name="testCaseEnabling" time="0.001"/>
  <testcase classname="selenium.Skip" name="testCaseEnabling" time="0.007"/>
</testsuite> <!-- Default test -->
