<?xml version="1.0" encoding="UTF-8"?>
<testng-results ignored="0" total="5" passed="5" failed="0" skipped="0">
  <reporter-output>
  </reporter-output>
  <suite started-at="2020-01-02T16:03:48Z" name="Default suite" finished-at="2020-01-02T16:06:29Z" duration-ms="160104">
    <groups>
    </groups>
    <test started-at="2020-01-02T16:03:48Z" name="Default test" finished-at="2020-01-02T16:06:29Z" duration-ms="160104">
      <class name="Test.HubspotContactCreation">
        <test-method is-config="true" signature="setUp()[pri:0, instance:Test.HubspotContactCreation@21b2e768]" started-at="2020-01-02T10:03:50Z" name="setUp" finished-at="2020-01-02T10:04:09Z" duration-ms="19442" status="PASS">
          <reporter-output>
          </reporter-output>
        </test-method> <!-- setUp -->
        <test-method signature="createContact(java.lang.String, java.lang.String, java.lang.String, java.lang.String, java.lang.String)[pri:0, instance:Test.HubspotContactCreation@21b2e768]" started-at="2020-01-02T10:04:09Z" name="createContact" data-provider="Data" finished-at="2020-01-02T10:04:18Z" duration-ms="9061" status="PASS">
          <params>
            <param index="0">
              <value>
                <![CDATA[jonny123@gmail.com]]>
              </value>
            </param>
            <param index="1">
              <value>
                <![CDATA[Jonny]]>
              </value>
            </param>
            <param index="2">
              <value>
                <![CDATA[Dang]]>
              </value>
            </param>
            <param index="3">
              <value>
                <![CDATA[sana sharma]]>
              </value>
            </param>
            <param index="4">
              <value>
                <![CDATA[Tester]]>
              </value>
            </param>
          </params>
          <reporter-output>
          </reporter-output>
        </test-method> <!-- createContact -->
        <test-method is-config="true" signature="TearDown()[pri:0, instance:Test.HubspotContactCreation@21b2e768]" started-at="2020-01-02T10:04:18Z" name="TearDown" finished-at="2020-01-02T10:04:19Z" duration-ms="612" status="PASS">
          <reporter-output>
          </reporter-output>
        </test-method> <!-- TearDown -->
        <test-method is-config="true" signature="setUp()[pri:0, instance:Test.HubspotContactCreation@21b2e768]" started-at="2020-01-02T10:04:19Z" name="setUp" finished-at="2020-01-02T10:04:36Z" duration-ms="16989" status="PASS">
          <reporter-output>
          </reporter-output>
        </test-method> <!-- setUp -->
        <test-method signature="createContact(java.lang.String, java.lang.String, java.lang.String, java.lang.String, java.lang.String)[pri:0, instance:Test.HubspotContactCreation@21b2e768]" started-at="2020-01-02T10:04:36Z" name="createContact" data-provider="Data" finished-at="2020-01-02T10:04:46Z" duration-ms="10018" status="PASS">
          <params>
            <param index="0">
              <value>
                <![CDATA[Finny123@gmail.com]]>
              </value>
            </param>
            <param index="1">
              <value>
                <![CDATA[Finny]]>
              </value>
            </param>
            <param index="2">
              <value>
                <![CDATA[Land]]>
              </value>
            </param>
            <param index="3">
              <value>
                <![CDATA[sana sharma]]>
              </value>
            </param>
            <param index="4">
              <value>
                <![CDATA[Tester]]>
              </value>
            </param>
          </params>
          <reporter-output>
          </reporter-output>
        </test-method> <!-- createContact -->
        <test-method is-config="true" signature="TearDown()[pri:0, instance:Test.HubspotContactCreation@21b2e768]" started-at="2020-01-02T10:04:46Z" name="TearDown" finished-at="2020-01-02T10:04:50Z" duration-ms="4214" status="PASS">
          <reporter-output>
          </reporter-output>
        </test-method> <!-- TearDown -->
        <test-method is-config="true" signature="setUp()[pri:0, instance:Test.HubspotContactCreation@21b2e768]" started-at="2020-01-02T10:04:50Z" name="setUp" finished-at="2020-01-02T10:05:08Z" duration-ms="18141" status="PASS">
          <reporter-output>
          </reporter-output>
        </test-method> <!-- setUp -->
        <test-method signature="createContact(java.lang.String, java.lang.String, java.lang.String, java.lang.String, java.lang.String)[pri:0, instance:Test.HubspotContactCreation@21b2e768]" started-at="2020-01-02T10:05:08Z" name="createContact" data-provider="Data" finished-at="2020-01-02T10:05:18Z" duration-ms="9961" status="PASS">
          <params>
            <param index="0">
              <value>
                <![CDATA[bravo123@gmail.com]]>
              </value>
            </param>
            <param index="1">
              <value>
                <![CDATA[bravo]]>
              </value>
            </param>
            <param index="2">
              <value>
                <![CDATA[joggy]]>
              </value>
            </param>
            <param index="3">
              <value>
                <![CDATA[sana sharma]]>
              </value>
            </param>
            <param index="4">
              <value>
                <![CDATA[Tester]]>
              </value>
            </param>
          </params>
          <reporter-output>
          </reporter-output>
        </test-method> <!-- createContact -->
        <test-method is-config="true" signature="TearDown()[pri:0, instance:Test.HubspotContactCreation@21b2e768]" started-at="2020-01-02T10:05:18Z" name="TearDown" finished-at="2020-01-02T10:05:23Z" duration-ms="4392" status="PASS">
          <reporter-output>
          </reporter-output>
        </test-method> <!-- TearDown -->
        <test-method is-config="true" signature="setUp()[pri:0, instance:Test.HubspotContactCreation@21b2e768]" started-at="2020-01-02T10:05:23Z" name="setUp" finished-at="2020-01-02T10:05:40Z" duration-ms="17245" status="PASS">
          <reporter-output>
          </reporter-output>
        </test-method> <!-- setUp -->
        <test-method signature="createContact(java.lang.String, java.lang.String, java.lang.String, java.lang.String, java.lang.String)[pri:0, instance:Test.HubspotContactCreation@21b2e768]" started-at="2020-01-02T10:05:40Z" name="createContact" data-provider="Data" finished-at="2020-01-02T10:05:50Z" duration-ms="10391" status="PASS">
          <params>
            <param index="0">
              <value>
                <![CDATA[avi123@gmail.com]]>
              </value>
            </param>
            <param index="1">
              <value>
                <![CDATA[avi]]>
              </value>
            </param>
            <param index="2">
              <value>
                <![CDATA[joshi]]>
              </value>
            </param>
            <param index="3">
              <value>
                <![CDATA[sana sharma]]>
              </value>
            </param>
            <param index="4">
              <value>
                <![CDATA[Tester]]>
              </value>
            </param>
          </params>
          <reporter-output>
          </reporter-output>
        </test-method> <!-- createContact -->
        <test-method is-config="true" signature="TearDown()[pri:0, instance:Test.HubspotContactCreation@21b2e768]" started-at="2020-01-02T10:05:50Z" name="TearDown" finished-at="2020-01-02T10:05:54Z" duration-ms="4141" status="PASS">
          <reporter-output>
          </reporter-output>
        </test-method> <!-- TearDown -->
        <test-method is-config="true" signature="setUp()[pri:0, instance:Test.HubspotContactCreation@21b2e768]" started-at="2020-01-02T10:05:54Z" name="setUp" finished-at="2020-01-02T10:06:14Z" duration-ms="19070" status="PASS">
          <reporter-output>
          </reporter-output>
        </test-method> <!-- setUp -->
        <test-method signature="createContact(java.lang.String, java.lang.String, java.lang.String, java.lang.String, java.lang.String)[pri:0, instance:Test.HubspotContactCreation@21b2e768]" started-at="2020-01-02T10:06:14Z" name="createContact" data-provider="Data" finished-at="2020-01-02T10:06:24Z" duration-ms="10858" status="PASS">
          <params>
            <param index="0">
              <value>
                <![CDATA[sapna123@gmail.com]]>
              </value>
            </param>
            <param index="1">
              <value>
                <![CDATA[sapna]]>
              </value>
            </param>
            <param index="2">
              <value>
                <![CDATA[joshi]]>
              </value>
            </param>
            <param index="3">
              <value>
                <![CDATA[sana sharma]]>
              </value>
            </param>
            <param index="4">
              <value>
                <![CDATA[Tester]]>
              </value>
            </param>
          </params>
          <reporter-output>
          </reporter-output>
        </test-method> <!-- createContact -->
        <test-method is-config="true" signature="TearDown()[pri:0, instance:Test.HubspotContactCreation@21b2e768]" started-at="2020-01-02T10:06:24Z" name="TearDown" finished-at="2020-01-02T10:06:29Z" duration-ms="4173" status="PASS">
          <reporter-output>
          </reporter-output>
        </test-method> <!-- TearDown -->
      </class> <!-- Test.HubspotContactCreation -->
    </test> <!-- Default test -->
  </suite> <!-- Default suite -->
</testng-results>
