<?xml version="1.0" encoding="UTF-8"?>
<testng-results ignored="0" total="2" passed="2" failed="0" skipped="0">
  <reporter-output>
  </reporter-output>
  <suite started-at="2019-10-10T17:50:44Z" name="Default suite" finished-at="2019-10-10T17:51:10Z" duration-ms="25791">
    <groups>
    </groups>
    <test started-at="2019-10-10T17:50:44Z" name="Default test" finished-at="2019-10-10T17:51:10Z" duration-ms="25791">
      <class name="com.app.Hubspot.TestCases.HomeTest">
        <test-method is-config="true" signature="Setup()[pri:0, instance:com.app.Hubspot.TestCases.HomeTest@2118cddf]" started-at="2019-10-10T11:50:44Z" name="Setup" finished-at="2019-10-10T11:51:02Z" duration-ms="18271" status="PASS">
          <reporter-output>
          </reporter-output>
        </test-method> <!-- Setup -->
        <test-method signature="VerifyTitleAfterLoginTest()[pri:1, instance:com.app.Hubspot.TestCases.HomeTest@2118cddf]" started-at="2019-10-10T11:51:02Z" name="VerifyTitleAfterLoginTest" finished-at="2019-10-10T11:51:02Z" duration-ms="32" status="PASS">
          <reporter-output>
          </reporter-output>
        </test-method> <!-- VerifyTitleAfterLoginTest -->
        <test-method signature="MoveCreateContact()[pri:2, instance:com.app.Hubspot.TestCases.HomeTest@2118cddf]" started-at="2019-10-10T11:51:02Z" name="MoveCreateContact" finished-at="2019-10-10T11:51:05Z" duration-ms="3179" status="PASS">
          <reporter-output>
          </reporter-output>
        </test-method> <!-- MoveCreateContact -->
        <test-method is-config="true" signature="TearDown()[pri:0, instance:com.app.Hubspot.TestCases.HomeTest@2118cddf]" started-at="2019-10-10T11:51:05Z" name="TearDown" finished-at="2019-10-10T11:51:10Z" duration-ms="4261" status="PASS">
          <reporter-output>
          </reporter-output>
        </test-method> <!-- TearDown -->
      </class> <!-- com.app.Hubspot.TestCases.HomeTest -->
    </test> <!-- Default test -->
  </suite> <!-- Default suite -->
</testng-results>
