<?xml version="1.0" encoding="UTF-8"?>
<!-- Generated by org.testng.reporters.JUnitXMLReporter -->
<testsuite ignored="0" hostname="DESKTOP-DHLLMMD" failures="0" tests="5" name="Default test" time="160.104" errors="0" timestamp="02 Jan 2020 16:06:29 GMT">
  <testcase classname="Test.HubspotContactCreation" name="createContact" time="9.061"/>
  <testcase classname="Test.HubspotContactCreation" name="createContact" time="10.018"/>
  <testcase classname="Test.HubspotContactCreation" name="createContact" time="9.961"/>
  <testcase classname="Test.HubspotContactCreation" name="createContact" time="10.391"/>
  <testcase classname="Test.HubspotContactCreation" name="createContact" time="10.858"/>
</testsuite> <!-- Default test -->
